Character/Sequence	Count
–
12971

́
3394

̈
1069

—
872

̄
687

̌
588

̀
438

ˈ
369

̃
293

−
283

ə
247

̧
237

̂
222

̣
181

̊
137

ː
127

✓
105

̆
96

ı
88

Đ
82

ɪ
73

̇
65

ɛ
56

ł
56

ʊ
55

ʿ
50

ˌ
48

⁄
47

€
44

̃́
44

̂̀
43

̨
42

̦
42

​
41

̛
38

ɑː
35

†
32

₱
32

Срби
31

ʃ
31

ɾ
30

ɔ
29

̣̂
27

рби
26

₹
26

ɲ
25

Црногорци
24

⟨
24

ʁ
23

̯
23

⋅
23

​⁄
21

əˈ
20

Ł
20

̂́
20

ŋ
19

̃̀
19

у
18

⟩
18

đ
17

ɐ
16

Црној
16

Гори
16

црногор
16

ки
16

ɒ
14

ʔ
14

Конса
14

ɕ
13

Ваше
13

ʲ
13

μ
13

β
12

ħ
12

↔
12

ɑ
12

≤
12

ʒ
11

Аэропорт
11

ɡ
11

и
11

̉
11

̆ı
11

́ː
11

ɣ
10

̩
10

ɨ
10

ɪˈ
10

→
10

̃́ː
10

͡ɬ
9

ʑ
9

Община
9

ʰ
9

Ω
9

ʘ
9

‹
9

›
9

ɔː
8

ʂ
8

‡
8

Καλύβια
8

ʝ
8

ʃɛ
8

محمد
7

ɐˈ
7

ʊˈ
7

ʁɑ̃
7

̌ː
7

Плевен
7

‎
7

و
7

ලංකා
7

Воды
7

̂̃
7

ɪɡ
6

ˈɔː
6

ɛː
6

θ
6

香港
6

Кнежа
6

ʌ
6

на
6

͡
6

ˈɑː
6

шан
6

̥
6

һ
6

♔
6

ɛ́
6

Международный
5

ɔʁ
5

в
5

ˈɛ
5

ˈɾ
5

ʐ
5

̌ɡ
5

ɪŋ
5

ɡʁɑ̃
5

ɾɔ
5

ɪə
5

̋
5

≥
5

حومه‎
5

ɛ̀
5

Минеральные
5

ʲɪ
5

ε
5

ʾ
5

연기대상
5

̛̉
5

川口
5

●●
5

●
5

Чемпионат
4

России
4

по
4

ɫ
4

Област
4

Беларусь
4

Македонија
4

Превосходительство
4

ɔˈ
4

ɛ̃
4

œ́ːŋ
4

ɔ̌ːŋ
4

А
4

ɛ̂
4

سازمان
4

اتوبوسرانی
4

ශ්‍රී
4

இலங்கை
4

№
4

̧ı
4

γ
4

му
4

Надя
4

да
4

Хляб
4

амфети
4

œ
4

لكرة
4

ˈʃ
4

кӧ
4

پێ
4

̧ə
4

♚
4

̛̀
4

銀通
4

سورة
4

Οινόη
3

̌ŋ
3

ɔɪ
3

Мама
3

ɪʃə
3

ɑ̃
3

ɬ
3

서울
3

ˈʝ
3

Република
3

София
3

Высокоблагородие
3

ˈɡɪ
3

Ήλιδος
3

Κ
3

Искър
3

قلعة
3

‰
3

̀ʊɴ
3

ˈɣ
3

ʉ̂ː
3

ˌɡ
3

ːɖɛ
3

͡ɕ
3

ɑːŋ
3

ʲɪˈ
3

куп
3

клуб
3

ˈβ
3

δ
3

ǃ
3

ǀ
3

ǁ
3

ǂ
3

‼
3

α
3

Поље
3

ɔʏ
3

ɛʁ
3

दलित
3

Бохот
3

‐
3

ɻ
3

ʍ
3

‑
3

ප්‍රිමියර්
3

ලීග්
3

லங்கா
3

பிரீமியர்
3

லீக்
3

제
3

회
3

₩
3

ːˈ
3

ˈɡ
3

منتخب
3

تونس
3

الطائرة‎
3

ρ
3

∂
3

بئزه
3

♕
3

♖
3

♗
3

♘
3

♙
3

♛
3

♜
3

♝
3

♞
3

ʃə
3

̛̣
3

̀ː
3

ɔ́
3

̃̌
3

̃̄
3

牧場物語
3

Людмила
3

سالم
3

Козлов
3

В
2

択捉島
2

رضا
2

ৰাজু
2

বৰৃৱা
2

Ξανθόπουλος
2

Иркутск
2

Домодедово
2

ʲɛ
2

əˌ
2

芳賀
2

紀行
2

طيران
2

السلام‎
2

ʷ
2

лёгкой
2

атлетике
2

ːʃ
2

ホライゾンジャパンインターナショナルスクール
2

重唇音類
2

輕唇音類
2

舌頭音類
2

舌上音類
2

牙音類
2

齒頭音類
2

正齒音類
2

喉音類
2

流風音類
2

𗼇𗟲
2

西夏语
2

彌藥
2

改善民生
2

繁榮共享
2

以民為本
2

하계
2

ちびまる子ちゃん
2

シティーハンター
2

ドラゴンボール
2

к
2

Бреница
2

Еница
2

Лазарово
2

ɛˈʒ
2

Плевенска
2

大连人足球俱乐部
2

́–
2

Анато́лий
2

Никола́евич
2

Докуме́нтов
2

Малый
2

Зал
2

Московской
2

Консерватории
2

Куп
2

契約
2

ブランドロマンス
2

ǝ
2

Республика
2

България
2

Κυπριακή
2

Δημοκρατία
2

Қазақстан
2

Казахстан
2

Северна
2

Москва
2

Србија
2

Београд
2

Высокопревосходительство
2

Высокородие
2

Благородие
2

ФК
2

上海国际赛车场
2

上海國際賽車場
2

ˈʒɔ
2

Долни
2

Дъбник
2

Гулянци
2

Бобуља
2

Τέταρτη
2

Κατηγορία
2

ʒə
2

Παπάγου
2

石井
2

حلب‎
2

حلبيّة‎
2

مدينة
2

حلب
2

القديمة‎
2

ˈɦ
2

أتراك
2

ليبيا‎
2

مصراته‎
2

علي
2

云南大学
2

昆明理工大学
2

Баре
2

Краљске
2

Колашин
2

あづさ
2

明基電通股份有限公司
2

高垣
2

彩陽
2

̄ŋ
2

上海理工大学
2

上海师范大学
2

타짜
2

̩ˈ
2

₹−
2

普牙村
2

≈
2

Никопол
2

Возвращение
2

Наталья
2

ɛə
2

Ђеновићи
2

Χαλκηδόνα
2

ဘာမီတွန်
2

ဘိုမ
2

دورة
2

الألعاب
2

الآسيوية
2

شهرداری
2

မင်းခေါင်
2

̰
2

ɪ́ɴɡ
2

โมเดิร์นด็อก
2

ก่อน
2

племена
2

ɔ̃
2

ʎʎ
2

Тролейбусен
2

транспорт
2

СоюзНефтеГаз
2

女駙馬
2

龍女
2

風塵女畫家
2

無事生非
2

西廂記
2

劈棺驚夢
2

紅樓夢
2

鞦韆架
2

梁祝
2

Мин
2

Минвод
2

מזרחי‎
2

高靖榕
2

͡ʃ
2

حازم
2

المصري‎
2

Միկա
2

Андрей
2

Кузнецов
2

Кошаркарски
2

̂̉
2

ı–
2

ɾɣ
2

ᵑ
2

ˀ
2

ϛ
2

ζ
2

η
2

ι
2

ιε
2

ιϛ
2

аэропорт
2

леля
2

Танци
2

мръсни
2

Искам
2

танцувам
2

Мърдай
2

кучко
2

Дай
2

ми
2

въздух
2

Сопола
2

Митака
2

Шамара
2

теслата
2

Васко
2

Теслата
2

Тръба
2

Убийствен
2

пъзел
2

Бате
2

Сашо
2

цете
2

си
2

вдигнете
2

Дидо
2

ʃɑ̃
2

الإمارات
2

фигурному
2

катанию
2

ホロシアム
2

Беглеж
2

Брестовец
2

Бръшляница
2

Буковлък
2

Върбица
2

Горталово
2

Гривица
2

Дисевица
2

Коиловци
2

Къртожабене
2

Къшин
2

Ласкар
2

Мечка
2

Николаево
2

Опанец
2

Пелишат
2

Радишево
2

Ралево
2

Славяново
2

Тодорово
2

Тученица
2

Търнене
2

Ясен
2

Ратишевина
2

̠⟩
2

⟨ʝ⟩
2

⟨ɣ⟩
2

χ
2

…
2

ːɦɑ
2

ɜː
2

百德中学
2

百德中學
2

ɲ̊
2

ŋ̊
2

ɕʰ
2

심경
2

沈志强
2

沈志強
2

올림픽
2

الوطني
2

شاہِد
2

세계육상선수권대회
2

梅艷芳
2

蔡琴
2

株式会社商船三井
2

ɯ
2

авиалинии
2

中嶋宏行
2

中島
2

裕之
2

ヒロユキ
2

ɔʋ
2

ܥܡܝܕܝܐ
2

ܡܝܙܐ
2

ܐܪܥܕܢ
2

ܒܒܘܙܐ
2

ܡܢܓܝܫܐ
2

ܐܕܚ
2

ܕܘܘܕܝܐ
2

ܗܪܡܫܐ
2

ܬܢܐ
2

ܬܠܐ
2

ܐܝܢܫܟܐ
2

ܒܝܪܬܐ
2

ܗܡܙܝܐ
2

ܕܙܐ
2

ܟܘܡܢܐ
2

ܬܠ
2

ܗܝܫ
2

ܒܝܬ
2

ܥܝܢܬܐ
2

Аляски
2

چونکہ
2

خڵا
2

دنيايی
2

وها
2

حُباند
2

کہ
2

کوری
2

تاقانی
2

خوی
2

دا
2

هتاکوهر
2

کس
2

کہبہوی
2

ايمان
2

َيينی
2

هلاك
2

نبی
2

بڵا
2

ژيانی
2

ابدي
2

يی
2

Чьмки
2

Х
2

әде
2

ӧса
2

дьнйа
2

ьз
2

кьр
2

Кӧр
2

еф
2

х
2

әйи
2

тайе
2

т
2

әне
2

бәрва
2

әки
2

һәр
2

кәсе
2

ба
2

әр
2

бькә
2

ӧнда
2

нәбә
2

ле
2

жийина
2

ийә
2

әта
2

әтайе
2

һәбә
2

چونكه‌
2

خودا
2

به‌م
2

جۆره‌
2

جیهانی
2

خۆشویست،
2

ته‌نانه‌ت
2

كوڕه‌
2

تاقانه‌كه‌ی
2

به‌ختكرد،
2

تاكو
2

هه‌ر
2

كه‌سێك
2

باوه‌ڕی
2

بهێنێت
2

له‌ناو
2

نه‌چێت،
2

به‌ڵكو
2

ژیانی
2

تاهه‌تایی
2

هه‌بێت
2

چنكو
2

خودێ
2

وەسا
2

حەژ
2

جیهانێ
2

كر
2

كو
2

كوڕێ
2

خۆ
2

یێ
2

ئێكانە
2

دایێ
2

داكو
2

هەركەسێ
2

باوەریێ
2

بینیت
2

ژناڤ
2

نەچیت،
2

بەلكو
2

ژیانا
2

هەروهەر
2

بۆ
2

وی
2

بیت
2

冷水江街道
2

سنئن
2

اولسون
2

ʁɔ
2

九龍城區議會
2

ɛˈʃɑː
2

ʃˈʃ
2

趙居任
2

張洪
2

道成
2

周全渝
2

堅中圭密
2

Ластва
2

Мали
2

Иђош
2

大沙镇
2

♟
2

ဓမ္မရာဇာ
2

əɲ
2

Питоме
2

Лозе
2

Αεροπορία
2

Αιγαίου
2

Ανώνυμη
2

Εταιρεία
2

蘇りし伝説の巨神
2

選ばれし者の定め
2

光宿りしものの謎
2

マジンガーの秘密
2

エルド王子の奇襲
2

アイラを救え
2

消えたマジンガー
2

急げ
2

戦士ヤマト
2

恐竜工場発見
2

恐るべき秘密
2

とらわれたアイラ
2

奪われた手がかり
2

危うしマジンガー
2

光宿りしものの恐怖
2

さすらうムーの民
2

ムラジの最期
2

エルドの秘密基地
2

驚異の海底空間
2

決死の湖底探査
2

ドラドの怒り
2

ヤマト対ドラド
2

ヤマトが死んだ
2

ヤマト対エルド
2

ゴッドマジンガー
2

魔神伝説
2

マジンガー
2

Мурат
2

ɔɐ̯ʃʊŋ
2

ɡəˌ
2

ːʔɛ
2

摩訶迦葉
2

마하가섭
2

阿難陀
2

阿難
2

아난다
2

아난
2

商那和修
2

상나화수
2

優婆掬多
2

우바국다
2

提多迦
2

제다가
2

彌遮迦
2

미차가
2

婆須密
2

婆須密多
2

바수밀다
2

浮陀難提
2

불타난제
2

浮陀密多
2

복태밀다
2

波栗濕縛
2

婆栗濕婆
2

脅尊者
2

파률습박
2

협존자
2

富那夜奢
2

부나야사
2

阿那菩提
2

馬鳴
2

아슈바고샤
2

마명
2

迦毘摩羅
2

가비마라
2

那伽閼剌樹那
2

龍樹
2

나가알랄수나
2

용수
2

迦那提婆
2

가나제바
2

羅睺羅多
2

라후라다
2

僧伽難提
2

승가난제
2

僧伽舍多
2

가야사다
2

鳩摩羅多
2

구마라다
2

闍夜多
2

사야다
2

婆修盤頭
2

世親
2

바수반두
2

세친
2

摩拏羅
2

마나라
2

鶴勒那
2

鶴勒那夜奢
2

̣̆
2

학륵나
2

師子菩提
2

사자
2

婆舍斯多
2

바사사다
2

不如密多
2

불여밀다
2

般若多羅
2

반야다라
2

日本アマチュア無線連盟
2

日本郵船株式会社
2

ɛ̀ː
2

ɛ̃́
2

̃́ŋ
2

⟨ɥ⟩
2

̟⟩
2

أرخبيل
2

سقطرى
2

̮
2

اديبو‎
2

Титова
2

̛́
2

ауданы
2

Айнӣ
2

銀聯通寶有限公司
2

敬一郎
2

浩
2

目国内岳
2

雷電山
2

οἰκονομία
2

ɾˈ
2

आहिस्ता
2

葛原
2

稔永
2

सर
2

शिवसागर
2

रामगुलाम
2

“
2

”
2

季莉芙
2

孔雀明王
2

زينة
1

مينا‎
1

Οἰνόη
1

ばなにゃ、にゃ
1

ばなにゃ、なかまたちにゃ
1

ばなにゃ、てれびにゃ
1

ばなにゃ、ねずみにゃ
1

ばなにゃ、れいぞうこにゃ
1

ばなにゃ、おでかけにゃ
1

ばなにゃ、まよなかにゃ
1

ばなにゃ、のらねこにゃ
1

ばなにゃ、ばするーむにゃ
1

ばなにゃ、ふうせんにゃ
1

ばなにゃ、おさんぽにゃ
1

ばなにゃ、おひるねにゃ
1

ばなにゃ、おたんじょうびにゃ
1

ばなにゃ
1

目黒
1

萌絵
1

王冰玉
1

́ŋ
1

Олена
1

Володимирівна
1

Прус
1

Наталія
1

Олександрівна
1

Войцех
1

Анна
1

ячеславівна
1

Кобцева
1

爺爺岳
1

国後島
1

単冠山
1

Ноҳияи
1

Ҳамадони
1

همدانی‎
1

Турдиев
1

توردیف‎
1

Панҷрӯд
1

ɪŋəˈ
1

الشيخ
1

الشبيبي‎
1

Βασίλης
1

Πέτρος
1

ЗАО
1

Авиакомпания
1

Ангара
1

اسلام
1

آباد‎
1

年夏季世界大學運動會
1

Соло
1

Константин
1

Сергеевич
1

Лопушанский
1

レクサス・
1

ɬˈ
1

̩̌ʋ
1

伊野田
1

繁
1

помещении
1

高梨
1

豊
1

土門拳賞
1

ゼネラルユニオン
1

ˈʋ
1

始動
1

黄金の日本
1

誓いの旗のもとで
1

出陣
1

ケンカチャンピオン
1

魂を拳に宿して
1

嵐を突き破れ
1

誘惑
1

魔性の目
1

音階を駆けのぼれ
1

ナチュラルボーンマッドネス
1

猛虎、荒ぶる
1

スーパースター
1

黒い閃光
1

そして少年は世界へと羽ばたく
1

リングにかけろ
1

デジモンクロスウォーズ
1

〜悪のデスジェネラルと七つの王国〜
1

ɦɑ
1

ɑ̃ɡ
1

́˜
1

Проводина
1

Словаци
1

̺
1

砥礪前行
1

重新出發
1

珍惜香港
1

共建家園
1

堅定前行
1

燃點希望
1

一起同行
1

擁抱希望
1

分享快樂
1

用好機遇
1

發展經濟
1

和諧共融
1

創新經濟
1

促進和諧
1

重法治
1

掌機遇
1

作抉擇
1

讓有需要的
1

得到支援
1

讓年青的
1

各展所長
1

讓香港
1

得以發揮
1

穩中求變
1

務實為民
1

繼往開來
1

民心我心
1

同舟共濟
1

羣策創新天
1

迎接新挑戰
1

香港新方向
1

務實進取
1

強政勵治
1

福為民開
1

合力發展經濟
1

共建和諧社會
1

把握發展機遇
1

推動民本施政
1

善用香港優勢
1

共同振興經濟
1

鞏固實力
1

投資未來
1

同心同德
1

培育優秀人才
1

建設美好家園
1

羣策羣力
1

轉危為機
1

共創香港新紀元
1

過渡中的香港
1

同心協力建香港
1

掌握千日
1

跨越九七
1

立基今日
1

開拓明天
1

香港的未來
1

五年大計展新猷
1

施政報告
1

董建華
1

패럴림픽
1

魏雅欣
1

王祉怡
1

로티의
1

모험
1

ベイシティウォーズ
1

百万ドルの陰謀
1

のび太とアニマル惑星
1

この世で一番強いヤツ
1

ドラゴンボールゼット
1

地球まるごと超決戦
1

От
1

сказки
1

сказке
1

Золотая
1

шпага
1

머털도사와
1

요괴
1

로보트
1

태권
1

風の名はアムネジア
1

Πευκοχώρι
1

Καψοχώρα
1

Χανιώτης
1

ˈɲ
1

Χανιώτη
1

Αγία
1

Παρασκευή
1

Ζαχαρίας
1

Ηλίας
1

Ζακ
1

Όγκαστ
1

Југославије
1

Југославија
1

エス
1

食うか食われるか
1

झलनाथ
1

खनाल
1

ʱʌ
1

ʌˈ
1

ʰʌ
1

शेर
1

बहादुर
1

देउवा
1

Հայաստան
1

Հայաստանի
1

Հանրապետություն
1

Երևան
1

Рэспубліка
1

Мінск
1

Босна
1

Херцеговина
1

Сарајево
1

Κύπρος
1

Λευκωσία
1

საქართველო
1

თბილისი
1

Ελλάς
1

Ελληνική
1

Αθήνα
1

Республикасы
1

Нұр
1

Сұлтан
1

Нур
1

Султан
1

Црна
1

Гора
1

Подгорица
1

Скопје
1

Россия
1

Российская
1

Федерация
1

Укра
1

̈на
1

Украина
1

Київ
1

Киев
1

夏川
1

椎菜
1

ジュエルペット
1

ハッピネス
1

ময়মনসিংহ
1

ইঞ্জিনিয়ারিং
1

কলেজ
1

Фљамуртари
1

Радолишта
1

రామాలయం
1

白蛇伝
1

白蛇傳
1

白蛇のナーガ
1

ˈʂ
1

͡ʂɨ
1

ɔɫ
1

Градина
1

Απογραφή
1

Πληθυσμού
1

ατοικιών
1

Γενικές
1

Απογραφές
1

ˈʎ
1

手取川ダム
1

手取川
1

手取川の戦い
1

Ύψωνας
1

சூப்பர்
1

சிங்கர்
1

慧
1

智宏
1

صلاح
1

الدين‎
1

มหาปรมาภรณ์ช้างเผือก
1

ประถมาภรณ์ช้างเผือก
1

มหาวราภรณ์
1

ทวีติยาภรณ์ช้างเผือก
1

จุลวราภรณ์
1

ตริตาภรณ์ช้างเผือก
1

นิภาภรณ์
1

จัตุรถาภรณ์ช้างเผือก
1

ภูษนาภรณ์
1

เบญจมาภรณ์ช้างเผือก
1

ทิพยาภรณ์
1

เหรียญทองช้างเผือก
1

เหรียญเงินช้างเผือก
1

เครื่องราชอิสริยาภรณ์อันเป็นที่เชิดชูยิ่งช้างเผือก
1

ɔχ
1

ལོ་གསར་
1

高帝紀
1

惠帝紀
1

高后紀
1

文帝紀
1

景帝紀
1

武帝紀
1

昭帝紀
1

宣帝紀
1

元帝紀
1

成帝紀
1

哀帝紀
1

平帝紀
1

紀
1

مصراتة‎
1

ɡɑʁ
1

Задорный
1

Сторожевой
1

Корабль
1

محمود
1

السعدي‎
1

云南农业大学
1

西南林业大学
1

昆明医科大学
1

大理大学
1

云南中医学院
1

云南师范大学
1

昭通学院
1

曲靖师范学院
1

普洱学院
1

保山学院
1

红河学院
1

云南财经大学
1

云南艺术大学
1

云南民族大学
1

师范玉溪学院
1

楚雄师范学院
1

云南警官学院
1

昆明学院
1

文山学院
1

大理国
1

大理國
1

Победа
1

̌ʃ
1

似絵
1

ʒɛˈ
1

ɛɐ̯
1

榎
1

片岡
1

スカイガールズ
1

Хомоље
1

ɔ̌
1

ɔʎɛ
1

Жагубица
1

Лазница
1

พัทลุง
1

ตำนานเขาอกทะลุ
1

เขาอกทะลุ
1

ภูเขาอกทะลุ
1

复旦大学
1

同济大学
1

上海交通大学
1

华东理工大学
1

上海海事大学
1

东华大学
1

上海应用技术学院
1

上海健康医学院
1

上海海洋大学
1

上海中医药大学
1

华东师范大学
1

上海外国语大学
1

上海财经大学
1

上海对外经贸大学
1

上海海关学院
1

华东政法大学
1

上海体育学院
1

上海音乐学院
1

上海戏剧学院
1

上海大学
1

上海工程技术大学
1

上海立信会计金融学院
1

上海电机大学
1

上海杉达学院
1

上海政法学院
1

上海第二工业大学
1

上海商学院
1

上海建桥学院
1

上海兴伟学院
1

上海视觉艺术学院
1

上海外国语大学贤达经济人文学院
1

上海师范大学天华学院
1

上海科技大学
1

上海纽约大学
1

ကုန်သည်များနှင့်
1

စက်မှုလက်မှုလုပ်ငန်းရှင်များအသင်း
1

سلسله
1

قاجار‎
1

قاجارلر‎
1

دارالعلم‎
1

Сбербанк
1

сберегательный
1

банк
1

ˈɒ
1

ˌɦ
1

ɪʃ
1

天水圍飛馬足球會
1

香港高級組銀牌
1

康寶高級組銀牌
1

中山地下街
1

吃饭
1

猪心肺
1

这里来
1

什么东西
1

蚕豆
1

豌豆
1

回来
1

回来你回来
1

白酒
1

清酒
1

筷子
1

刀
1

斧子
1

碗
1

勺
1

打
1

没有了
1

乐舞
1

祝兆金
1

乐舞瑶族
1

岔箐乡
1

ເຝີ
1

ໝີ່
1

Годиње
1

Дарза
1

Ένωση
1

Νέων
1

Παραλιμνίου
1

বাংলাদেশ
1

পুলিশ
1

আশরাফুল
1

ইসলাম
1

রানা
1

Νικόπολις
1

₡
1

Спасение
1

Вход
1

лабиринт
1

Визит
1

Минотавру
1

Джамиля
1

У
1

озера
1

Первый
1

учитель
1

ға
1

оралу
1

Утевлевна
1

Аринбасарова
1

Өтеуліқызы
1

Орынбасарова
1

Операция
1

Ы
1

другие
1

приключения
1

Шурика
1

ːɹɪ
1

Ђурићи
1

Νέα
1

Φιλαδέλφεια
1

ချစ်ခင်စမှော်ရုံ
1

မြကေခိုင်မင်ရည်လဲ့
1

အေးအောင်
1

အေးမြဖြူ
1

မိုးသို
1

နက္ခတ်မှားတဲ့တိုက်ပွဲ
1

بلدیہ
1

اعلی
1

حیدرآباد
1

郑惠玉
1

王若君
1

向云
1

王若恩
1

王禄江
1

谢耀宗
1

林慧玲
1

关馨霓
1

冯伟衷
1

李龙华
1

李丽华
1

阿华
1

徐彬
1

傅家任
1

黄思恬
1

金思彦
1

金丝燕
1

王沺裁
1

林彬
1

阿木
1

朱秀凤
1

蔡美英
1

郑各评
1

黄毅强
1

郑传峻
1

谢不错
1

你也可以是天使
1

شاهین
1

شهر
1

اسلامشهر
1

شرکت
1

واحد
1

اتوبوسراني
1

اصفهان
1

شهریار
1

ملارد
1

ပထမ
1

ʰə
1

မယ်တော်
1

ɔ̀
1

крепостной
1

крестьянин
1

最好听
1

友声有色
1

全日
1

爱哟哟
1

坚持。敢言。
1

坚持。好音乐
1

Δ
1

सुदूरपश्चिम
1

प्रदेश
1

Прва
1

македонска
1

фудбалска
1

лига
1

М
1

تاجول
1

روسلي
1

بن
1

غزالي
1

Πρωτάθλημα
1

Γ΄
1

Κατηγορίας
1

ˈʋɪ
1

жёлтый
1

билет
1

♠
1

Црне
1

Горе
1

црногорска
1

نور
1

الشربيني‎
1

Друга
1

ліга
1

سوزان
1

مبارك‎
1

ɑːɾɑ
1

蒋雪莲
1

江山
1

Звездара
1

̞
1

̞̌
1

Држава
1

Словенаца
1

Хрвата
1

Срба
1

Звездарска
1

шума
1

Звездани
1

гај
1

̩ˌʃ
1

̯ɔ
1

Βύλλις
1

Βουλλίς
1

Νίκαια
1

一般
1

お蓉
1

氷上町
1

氷上
1

恭子
1

掟上今日子の備忘録
1

ꦩꦗꦏꦼꦂꦠ
1

وائل
1

نزهة‎
1

碧海湾站
1

碧海灣站
1

前海湾站
1

前海灣站
1

Αυγείο
1

Μπουχιώτη
1

මහවැලි
1

ගඟ
1

மகாவலி
1

ஆறு
1

ŋɡ
1

دينار
1

أردني‎
1

بدرة‎
1

̃ː
1

̂ʃ
1

黃梅戲
1

黃梅調
1

篠谷
1

菜留
1

邯郸机场
1

邯鄲機場
1

Беслӕн
1

Беслан
1

ˈɔ
1

Маленза
1

Центральный
1

Азур
1

Эйр
1

О́мская
1

о́бласть
1

ท่าอากาศยานนานาชาติอู่ตะเภา
1

ระยอง–พัทยา
1

찰리
1

박
1

올브라이트
1

Міжнародний
1

аеропорт
1

Донецьк
1

Донбасаеро
1

Іверський
1

монастир
1

Иверский
1

монастырь
1

君がいた夏
1

戻れない距離
1

年目の真実
1

裏切り
1

最後の花火
1

決意
1

告白
1

結婚
1

君がくれた夏
1

恋仲
1

福士
1

蒼汰
1

仮面ライダーセイバー
1

聖刃
1

אבנר
1

לסקין‎
1

後楽園ホール
1

小原佳太
1

Χολαργός
1

Горњи
1

Дријенак
1

ˌʔɑ
1

ˌɑ
1

ːˈʃ
1

ˈɣɛ
1

אלון
1

יוסי
1

三島
1

一八
1

Олексій
1

Сергійович
1

Касьянов
1

ʃʊ
1

Մարզադաշտ
1

Մարզադահլիճ
1

သိုဟန်ဘွား
1

̀ɴ
1

သိူဝ်ႁၢၼ်ၾႃ့
1

космонавт
1

κόσμος
1

ναύτης
1

̩̌
1

Супер
1

ɒɟ
1

ʁɪ
1

Карађорђев
1

Српски
1

спортски
1

Синђелић
1

沈小紅
1

魏筱惠
1

張蕙貞
1

周雙珠
1

周雙玉
1

黃翠鳳
1

暗花
1

ə̠
1

̍
1

ʉː
1

ˈɪ
1

武居
1

智久
1

西岡
1

良仁
1

ǃˀ
1

ᶢǃʔ
1

尚德
1

齐大愚
1

肖清华
1

ια
1

ιβ
1

ιγ
1

ιδ
1

中国大奖赛
1

◁
1

株式会社
1

Шереметьево
1

имени
1

С
1

Пушкина
1

ʂɨ
1

아틀란티스
1

소녀
1

덜덜덜
1

따르릉
1

김소향
1

방송연예대상
1

한혜진
1

ˈʁɐ̃
1

ˈɔɾ
1

唐律
1

̈̀
1

انور
1

بیگ
1

——
1

Μπρεϊθ
1

Αναστασάκης
1

Смаилагића
1

Женски
1

кошаркашки
1

Јединство
1

Бијело
1

Павино
1

ՀՖՖ
1

Տեխնիկական
1

կենտրոն
1

ակադեմիայի
1

մարզադաշտ
1

العربية
1

المتحدة
1

коньках
1

Сабина
1

Ильгизаровна
1

Имайкина
1

川西
1

浩陽
1

野村
1

敏郎
1

大友
1

哲
1

バーニングライバル
1

̧–
1

九元航空
1

上海大師賽
1

област
1

община
1

общини
1

Бошњаци
1

शिवडी
1

ख्रिस्ती
1

स्मशान
1

भूमि
1

˗⟩
1

⟨ɰ̟⟩
1

⟨ɰ˖⟩
1

⟨ɰ⟩
1

⟨ʝ̠⟩
1

⟨ʝ˗⟩
1

⟨ɣ̟⟩
1

⟨ɣ˖⟩
1

ɹ
1

ɥ
1

ɰ
1

ʀ
1

ɽ
1

⟨ʝ̞˗⟩
1

⟨ʝ˕˗⟩
1

⟨ɣ̞˖⟩
1

⟨ɣ˕˖⟩
1

Астана
1

хоккей
1

клубы
1

Χιλιομόδι
1

Τενέα
1

ɾˈβ
1

―
1

میرکریمی‎
1

Икария
1

Алекса́ндр
1

Па́влович
1

Горчи́лин
1

ˈœ
1

Математичка
1

гимназија
1

Амра
1

Садиковиќ
1

ʋ
1

동계
1

♦
1

최민정
1

תֵּל־אָבִיב–יָפוֹ‎
1

تَلّ
1

أَبِيب
1

يَافَا‎
1

הפועל
1

תל
1

אביב‎
1

ˈɦœ
1

ألعاب
1

البحر
1

الأبيض
1

المتوسط
1

المتحف
1

أحمد
1

زبانة‎
1

ارمُغان
1

شان
1

ːʊ
1

ˈɦɛ
1

ɲɪ
1

∅
1

コミックヴァルキリー
1

ˈɦɪ
1

ʏ
1

淑女
1

張信哲
1

寬容
1

天使不夜城
1

歌舞劇原聲帶
1

鮑比達
1

遇見
1

™
1

大阪商船株式会社
1

Но́вый
1

Уренго́й
1

Внуково
1

ɦ
1

ɑːʃə
1

ʉɾ
1

ˌɾɔ
1

ɔˈɾʉ
1

ɑːˈ
1

́ł
1

Вадзі́м
1

Анато́левіч
1

Дзевято́ўскі
1

Вади́м
1

Анато́льевич
1

Девято́вский
1

ʒɯ
1

中国行政区划通史
1

Полярные
1

Талакан
1

ರಣಧೀರ
1

ಕಂಠೀರವ
1

栄
1

和人
1

Радигојно
1

Ψ
1

τ
1

∂ψ
1

ξ
1

⟨ψ
1

ψ
1

Баошићи
1

Поди
1

Кути
1

Роман
1

Анатолійович
1

Безус
1

Димитър
1

Кутровски
1

Обновление
1

Советул
1

Супрем
1

ал
1

Републичий
1

Молдовенешть
1

Нистрене
1

Верховный
1

Совет
1

Приднестровской
1

Молдавской
1

Республики
1

Верховна
1

Рада
1

Придністровської
1

Молдавської
1

Республіки
1

̪
1

ɺ
1

ประวิตร
1

วงษ์สุวรรณ
1

атабаски
1

атапаски
1

کورد
1

زمانی
1

کوردی‎
1

کوردی
1

布溪街道
1

沙塘湾街道
1

锡矿山街道
1

铎山镇
1

禾青镇
1

金竹山镇
1

三尖镇
1

渣渡镇
1

中连乡
1

冷水江
1

中连公社
1

五一城市人民公社
1

Ə
1

ای
1

گؤیلرده
1

اولان
1

آتامیز،
1

آدین
1

موقدّس
1

سلطنتئن
1

گلسئن
1

ائسته‌دئیئن،
1

گؤیده
1

اولدوغو
1

کئمی،
1

یرده
1

ده
1

گوندهلئک
1

چؤره‌یئمئزی
1

بو
1

گون
1

ور
1

بئزئم
1

بورجلاریمیزی
1

باغیشلا،
1

نجه
1

کی،
1

بئز
1

ده،
1

بورجلو
1

اولانلاری
1

باغیشلاییریق
1

بئزی
1

ائمتاحانا
1

چکمه،
1

لاکئن
1

شردن
1

خئلاص
1

ات
1

چونکی
1

سلطنت،
1

قودرت
1

عئزّت
1

ابده
1

کئمی
1

سنئندئر
1

آمئن
1

ビート・エックス
1

̄ə
1

Пермь
1

Миха́йловск
1

Λαζαράτα
1

Ћурилац
1

Даниловград
1

̞ɡ
1

حاج
1

علي‎
1

狼牙
1

金鸡奖
1

으르렁
1

가요대축제
1

Ботев
1

Пловдив
1

ɫɔ
1

芽ばえ
1

悲しみよこんにちは
1

女の子なんだもん
1

森を駈ける恋人たち
1

わたしの彼は左きき
1

アルプスの少女
1

ときめき
1

白い部屋
1

悲しみのシーズン
1

雪の中の二人
1

水色のページ
1

恋のあやとり
1

美しく燃えながら
1

白い微笑
1

卒業
1

夏八景
1

夜霧の出来事
1

銀世界
1

ねえ
1

あいたいよ
1

京都哀愁
1

離婚美人
1

やさしくしないで
1

麻丘めぐみ
1

التحالف
1

الجمهوري‎
1

スバル・インプレッサ
1

Грбаљска
1

Горња
1

̂ː
1

ɛɟɛʃ
1

足利
1

義持
1

ːɽɯ
1

ːˌ
1

ɒŋ
1

三埠街道
1

长沙街道
1

沙塘镇
1

苍城镇
1

龙胜镇
1

马冈镇
1

塘口镇
1

赤坎镇
1

百合镇
1

蚬冈镇
1

金鸡镇
1

月山镇
1

赤水镇
1

水口镇
1

开平
1

星沙街道
1

♟︎
1

ဗညာ
1

ဗညား
1

ရာဇာဓိရာဇ်
1

အရေးတော်ပုံ
1

ဗညာကေန်
1

ဗညားကျန်း
1

́ɴ
1

개밥
1

주는
1

남자
1

杯中窥人
1

像少年啦飞驰
1

马可
1

馬可
1

洪任諭
1

Молдовень
1

Скореновац
1

ὲν
1

πιστει
1

ὲλπιδι
1

και
1

ἀγἀπη
1

Олег
1

Вячеславович
1

Штейников
1

ʉ̌ː
1

ɡɔɳ
1

ʊʃə
1

Југословени
1

Србији
1

Косовски
1

Косову
1

مَسِيحِيُّون
1

فِلَسْطِينِيُّون‎
1

ˈθ
1

Сербы
1

Русији
1

Российские
1

сербы
1

Руски
1

Подострог
1

Любовь
1

Андреевна
1

Ивановская
1

بهشاد
1

یاورزاده‎
1

Георгиевич
1

Гассиев
1

Гасситы
1

Георгийы
1

фырт
1

ˈʁɪ
1

̩̂
1

矢尾
1

一樹
1

魔神伝
1

竹内
1

力
1

百合十字団
1

ɪʒə
1

Рождественская
1

мистерия
1

Красноярские
1

Япык
1

биналарда
1

ве
1

сөвеш
1

сунгаты
1

боюнча
1

Азия
1

оюнлары
1

숭산행원대선사
1

崇山行願大禪師
1

순천
1

نیوه
1

مانگ‎
1

بهمن
1

قبادی‎
1

به‌همه‌ن
1

قوبادی
1

کیسەڵەکانیش
1

دەفڕن‎
1

فصل
1

کرگدن‎
1

豊島区
1

中華民國業餘無線電促進會
1

Руслан
1

Гаджимагомедович
1

Магомедов
1

三菱商事株式会社
1

สโมสรฟุตบอลสงขลา
1

서부산유통지구역
1

西釜山流通地區驛
1

淡島
1

千景
1

橋田壽賀子ドラマ
1

渡る世間は鬼ばかり
1

長谷部安春
1

ポニーテールはふり向かない
1

Олимпијски
1

комитет
1

Србије
1

مضيق
1

جبل
1

طارق‎
1

̂ːɡɑ
1

אִיתָמָר‎
1

مجدل
1

بني
1

فاضل‎
1

ალექსანდრე
1

მეტრეველი
1

λ
1

̃̀ŋ
1

̃̀ː
1

ɪ̃́
1

ɪ́ː
1

̀ŋ
1

̃́ŋɟɛ̄
1

ːɛ̄
1

̀ʔɔ́
1

ɪ̄
1

ɛ̄
1

ɪ̀
1

ə́
1

ʊ̀ː
1

ʊ́
1

Монгол
1

хоккейн
1

лигийн
1

̂ːɡ
1

Ερασιτεχνική
1

Ποδοσφαιρική
1

Ομοσπονδία
1

Ελληνοκύπριοι
1

⟨ɥ̄⟩
1

⟨ɥ˗⟩
1

⟨ɥ̈⟩
1

̈⟩
1

ʝ̞
1

대상
1

حمّام‎
1

つながる新天地
1

Александр
1

Александрович
1

Барков
1

˖⟩
1

Евгеньевна
1

Морозова
1

八木
1

弘和
1

عبد
1

الله
1

عمر
1

باعبد
1

الله‎
1

سعيد
1

الكثيري‎
1

جمال
1

الهرش‎
1

Алексей
1

Юрьевич
1

Егоров
1

マクラクラン
1

勉
1

Нұра
1

Харабали́нский
1

райо́н
1

Қарабайлы
1

Пл
1

̀вен
1

عینی‎
1

Археологический
1

музей
1

заповедник
1

Танаис
1

کورمانجی
1

̂‎
1

千葉
1

千恵巳
1

МИТОС
1

Новочеркасск
1

Понедельника
1

Ростов
1

Дону
1

آل
1

عمران‎
1

الأحزاب‎
1

الفتح‎
1

الصف‎
1

李常受
1

οἶκος
1

νομός
1

Футбольный
1

Локомотив
1

ɫə
1

مطار
1

دبي
1

الدولي‎
1

ʒəˈ
1

мира
1

Борисова
1

ɪɡə
1

Его
1

превосходительство
1

ːʔ
1

มหาจักรพรรดิ
1

ราเมศวร
1

ဗြရာမသွန်
1

สมเด็จพระบวรราชเจ้ามหาสุรสิงหนาท
1

अजित
1

परब
1

ʒɑ̃
1

台北金馬影展
1

Анатолий
1

Яковлевич
1

Соловьёв
1

Сергей
1

Иванович
1

Сергій
1

Іванович
1

Российско
1

эфиопские
1

отношения
1

Аким
1

Алексеевич
1

Τριποταμιά
1

Μπέλεσι
1

ɛɲ
1

ɨˈ
1

Теслић
1

高速道路
1

軽自動車
1

ːɕ
1

高速自動車国道
1

آہستہ
1

آہستہ‎
1

ɛ̌
1

ɵ̂
1

əŋˈɡ
1

黒雪姫の帰還
1

紅の暴風姫
1

夕闇の略奪者
1

蒼空への飛翔
1

星影の浮き橋
1

浄火の神子
1

災禍の鎧
1

運命の連星
1

七千年の祈り
1

超硬の狼
1

赤の紋章
1

水際の号火
1

激光の大天使
1

終わりと始まり
1

白雪姫の微睡
1

星の揺りかご
1

黒の双剣士
1

暗黒星雲の引力
1

白と黒の相剋
1

雪の妖精
1

絶焔の太陽神
1

黒雪姫の告白
1

青華の剣仙
1

終焉の巨神
1

吉野
1

弘幸
1

Приз
1

газеты
1

Московские
1

новости
1

永井潔
1

永井
1

豪
1

覚
1

정현
1

鄭泫
1

ɕəːŋ
1

̧ʌ
1

الاتحاد
1

البحريني
1

القدم‎
1

ООО
1

Северный
1

ветер
1

Волгоград
1

Евгения
1

Симоновна
1

Линецкая
1

יבגניה
1

לינצקאיה‎
1

ציפורה
1

אובזילר‎
1

بوربيع‎
1

ɑ̃ʁ
1

ʒɔʁʒ
1

王傲然
1

Журабек
1

Каримов
1

城中街道
1

东城街道
1

贞山街道
1

龙甫镇
1

地豆镇
1

威整镇
1

罗源镇
1

迳口镇
1

石狗镇
1

黄田镇
1

江谷镇
1

下茆镇
1

四会市
1

برج
1

القصب‎
1

森崎ウィン
1

清水大樹
1

福本有希
1

島田翼
1

ケビン
1

森英寿
1

小川史記
1

☆
1

プリズマックス
1

ʊʃ
1

Милош
1

Раонић
1

平手
1

晃平
1

佐々木
1

孝太
1

কুলি
1

স্বপন
1

সাহা
1

ːʒɒ̃
1

ːˈʒ
1

ʒɔ̃
1

ːʂˈʈ
1

ːʋə
1

əŋɡʱ
1

↓
1

劉創奇
1

龍天爵
1

阮心麗
1

關志升
1

唐嫣
1

唐艺昕
1

唐婷
1

食客
1

客串
1

荊止高
1

金礦
1

阮小儀
1

əˈɾ
1

ɾə
1

日本グランプリ
1

木村
1

翔
1

ಮನಸಾರೆ
1

تحت
1

سنة
1

ˈɡʲ
1

ʲʊ
1

金枝慾孽貳
1

′
1

″
1

ภาษาแสก
1

ːɨ
1

ɨː
1

महामायूरी
1

공작명왕
1

大乘起信論
1

大乗起信論
1

대승기신론
1

कश्यप
1

禪宗
1

̂ə
1

